Flow report for HW1
Fri Oct 19 18:41:10 2018
Quartus II Version 9.1 Build 304 01/25/2010 Service Pack 1 SJ Web Edition


---------------------
; Table of Contents ;
---------------------
  1. Legal Notice
  2. Flow Summary
  3. Flow Settings
  4. Flow Non-Default Global Settings
  5. Flow Elapsed Time
  6. Flow OS Summary
  7. Flow Log



----------------
; Legal Notice ;
----------------
Copyright (C) 1991-2010 Altera Corporation
Your use of Altera Corporation's design tools, logic functions 
and other software and tools, and its AMPP partner logic 
functions, and any output files from any of the foregoing 
(including device programming or simulation files), and any 
associated documentation or information are expressly subject 
to the terms and conditions of the Altera Program License 
Subscription Agreement, Altera MegaCore Function License 
Agreement, or other applicable license agreement, including, 
without limitation, that your use is for the sole purpose of 
programming logic devices manufactured by Altera and sold by 
Altera or its authorized distributors.  Please refer to the 
applicable agreement for further details.



+-------------------------------------------------------------------------------+
; Flow Summary                                                                  ;
+--------------------------------+----------------------------------------------+
; Flow Status                    ; Successful - Fri Oct 19 18:41:10 2018        ;
; Quartus II Version             ; 9.1 Build 304 01/25/2010 SP 1 SJ Web Edition ;
; Revision Name                  ; HW1                                          ;
; Top-level Entity Name          ; HW1                                          ;
; Family                         ; Stratix II GX                                ;
; Met timing requirements        ; Yes                                          ;
; Logic utilization              ; < 1 %                                        ;
;     Combinational ALUTs        ; 205 / 27,104 ( < 1 % )                       ;
;     Dedicated logic registers  ; 0 / 27,104 ( 0 % )                           ;
; Total registers                ; 0                                            ;
; Total pins                     ; 31 / 406 ( 8 % )                             ;
; Total virtual pins             ; 0                                            ;
; Total block memory bits        ; 0 / 1,369,728 ( 0 % )                        ;
; DSP block 9-bit elements       ; 1 / 128 ( < 1 % )                            ;
; Total GXB Receiver Channels    ; 0 / 8 ( 0 % )                                ;
; Total GXB Transmitter Channels ; 0 / 8 ( 0 % )                                ;
; Total PLLs                     ; 0 / 4 ( 0 % )                                ;
; Total DLLs                     ; 0 / 2 ( 0 % )                                ;
; Device                         ; EP2SGX30DF780C3                              ;
; Timing Models                  ; Final                                        ;
+--------------------------------+----------------------------------------------+


+-----------------------------------------+
; Flow Settings                           ;
+-------------------+---------------------+
; Option            ; Setting             ;
+-------------------+---------------------+
; Start date & time ; 10/19/2018 18:40:53 ;
; Main task         ; Compilation         ;
; Revision Name     ; HW1                 ;
+-------------------+---------------------+


+--------------------------------------------------------------------------------------------------------------------------------------------------------------------------+
; Flow Non-Default Global Settings                                                                                                                                         ;
+------------------------------------+--------------------------------------------------------------------------------------+---------------+-------------+----------------+
; Assignment Name                    ; Value                                                                                ; Default Value ; Entity Name ; Section Id     ;
+------------------------------------+--------------------------------------------------------------------------------------+---------------+-------------+----------------+
; COMPILER_SIGNATURE_ID              ; 176676653446033.153994565316344                                                      ; --            ; --          ; --             ;
; PARTITION_COLOR                    ; 16764057                                                                             ; --            ; --          ; Top            ;
; PARTITION_NETLIST_TYPE             ; SOURCE                                                                               ; --            ; --          ; Top            ;
; SEARCH_PATH                        ; c:\users\vivian weng\desktop\大學\大二下修課\數位邏輯實驗\實驗\實驗二\addall/        ; --            ; --          ; --             ;
; SEARCH_PATH                        ; c:\users\vivian weng\desktop\大學\大二下修課\數位邏輯實驗\實驗\experiment 5\4addall/ ; --            ; --          ; --             ;
; SEARCH_PATH                        ; c:\users\vivian weng\desktop\大學\大二下修課\數位邏輯實驗\實驗\experiment 6\10\led/  ; --            ; --          ; --             ;
; SEARCH_PATH                        ; c:\users\vivian weng\desktop\大學\大二下修課\數位邏輯實驗\實驗\experiment 6\2/       ; --            ; --          ; --             ;
; SEARCH_PATH                        ; c:\users\vivian weng\desktop\大學\大二下修課\數位邏輯實驗\實驗\experiment 12\step22/ ; --            ; --          ; --             ;
; SEARCH_PATH                        ; c:\users\vivian weng\desktop\大學\大二下修課\數位邏輯實驗\實驗\experiment 12\3/      ; --            ; --          ; --             ;
; SEARCH_PATH                        ; c:\users\vivian weng\desktop\大學\大二下修課\數位邏輯實驗\實驗\experiment 12\step2/  ; --            ; --          ; --             ;
; SEARCH_PATH                        ; c:\users\vivian weng\desktop\大學\大二下修課\數位邏輯實驗\實驗\experiment 12\1/      ; --            ; --          ; --             ;
; USE_GENERATED_PHYSICAL_CONSTRAINTS ; Off                                                                                  ; --            ; --          ; eda_blast_fpga ;
+------------------------------------+--------------------------------------------------------------------------------------+---------------+-------------+----------------+


+-----------------------------------------------------------------------------------------------------------------------------+
; Flow Elapsed Time                                                                                                           ;
+-------------------------+--------------+-------------------------+---------------------+------------------------------------+
; Module Name             ; Elapsed Time ; Average Processors Used ; Peak Virtual Memory ; Total CPU Time (on all processors) ;
+-------------------------+--------------+-------------------------+---------------------+------------------------------------+
; Analysis & Synthesis    ; 00:00:03     ; 1.0                     ; 271 MB              ; 00:00:03                           ;
; Fitter                  ; 00:00:07     ; 1.0                     ; 355 MB              ; 00:00:07                           ;
; Assembler               ; 00:00:03     ; 1.0                     ; 311 MB              ; 00:00:03                           ;
; Classic Timing Analyzer ; 00:00:00     ; 1.0                     ; 199 MB              ; 00:00:01                           ;
; Total                   ; 00:00:13     ; --                      ; --                  ; 00:00:14                           ;
+-------------------------+--------------+-------------------------+---------------------+------------------------------------+


+------------------------------------------------------------------------------------------+
; Flow OS Summary                                                                          ;
+-------------------------+------------------+---------------+------------+----------------+
; Module Name             ; Machine Hostname ; OS Name       ; OS Version ; Processor type ;
+-------------------------+------------------+---------------+------------+----------------+
; Analysis & Synthesis    ; LAPTOP-U9OK736Q  ; Windows Vista ; 6.2        ; x86_64         ;
; Fitter                  ; LAPTOP-U9OK736Q  ; Windows Vista ; 6.2        ; x86_64         ;
; Assembler               ; LAPTOP-U9OK736Q  ; Windows Vista ; 6.2        ; x86_64         ;
; Classic Timing Analyzer ; LAPTOP-U9OK736Q  ; Windows Vista ; 6.2        ; x86_64         ;
+-------------------------+------------------+---------------+------------+----------------+


------------
; Flow Log ;
------------
quartus_map --read_settings_files=on --write_settings_files=off HW1 -c HW1
quartus_fit --read_settings_files=off --write_settings_files=off HW1 -c HW1
quartus_asm --read_settings_files=off --write_settings_files=off HW1 -c HW1
quartus_tan --read_settings_files=off --write_settings_files=off HW1 -c HW1 --timing_analysis_only



